[2019-06-01 13:38:32.106] [renderer1] [error] Error: Error: ENOENT: no such file or directory, stat '/home/yuvraj/React-Projs/react-material-ui/.vscode'
[2019-06-01 13:41:39.831] [renderer1] [error] TypeScript Server Error (3.4.5)
Cannot read property 'parent' of undefined
TypeError: Cannot read property 'parent' of undefined
    at Object.deleteDeclaration (tsserver.js:111420:56)
    at _loop_9 (tsserver.js:111039:47)
    at ChangeTracker.finishDeleteDeclarations (tsserver.js:111046:21)
    at ChangeTracker.getChanges (tsserver.js:111066:22)
    at Function.ChangeTracker.with (tsserver.js:110611:32)
    at Object.getCodeActions (tsserver.js:115222:68)
    at tsserver.js:111596:121
    at Object.flatMap (tsserver.js:571:25)
    at Object.getFixes (tsserver.js:111596:23)
    at tsserver.js:121245:35
    at Object.flatMap (tsserver.js:571:25)
    at Object.getCodeFixesAtPosition (tsserver.js:121243:23)
    at IOSession.Session.getCodeFixes (tsserver.js:130292:64)
    at Session.handlers.ts.createMapFromTemplate._a.(anonymous function) (tsserver.js:129048:61)
    at tsserver.js:130466:88
    at IOSession.Session.executeWithRequestId (tsserver.js:130457:28)
    at IOSession.Session.executeCommand (tsserver.js:130466:33)
    at IOSession.Session.onMessage (tsserver.js:130488:35)
    at Interface.<anonymous> (tsserver.js:131789:27)
    at Interface.emit (events.js:182:13)
    at Interface._onLine (readline.js:290:10)
    at Interface._normalWrite (readline.js:433:12)
    at Socket.ondata (readline.js:149:10)
    at Socket.emit (events.js:182:13)
    at addChunk (_stream_readable.js:279:12)
    at readableAddChunk (_stream_readable.js:264:11)
    at Socket.Readable.push (_stream_readable.js:219:10)
    at Pipe.onread (net.js:636:20): Error: TypeScript Server Error (3.4.5)
Cannot read property 'parent' of undefined
TypeError: Cannot read property 'parent' of undefined
    at Object.deleteDeclaration (tsserver.js:111420:56)
    at _loop_9 (tsserver.js:111039:47)
    at ChangeTracker.finishDeleteDeclarations (tsserver.js:111046:21)
    at ChangeTracker.getChanges (tsserver.js:111066:22)
    at Function.ChangeTracker.with (tsserver.js:110611:32)
    at Object.getCodeActions (tsserver.js:115222:68)
    at tsserver.js:111596:121
    at Object.flatMap (tsserver.js:571:25)
    at Object.getFixes (tsserver.js:111596:23)
    at tsserver.js:121245:35
    at Object.flatMap (tsserver.js:571:25)
    at Object.getCodeFixesAtPosition (tsserver.js:121243:23)
    at IOSession.Session.getCodeFixes (tsserver.js:130292:64)
    at Session.handlers.ts.createMapFromTemplate._a.(anonymous function) (tsserver.js:129048:61)
    at tsserver.js:130466:88
    at IOSession.Session.executeWithRequestId (tsserver.js:130457:28)
    at IOSession.Session.executeCommand (tsserver.js:130466:33)
    at IOSession.Session.onMessage (tsserver.js:130488:35)
    at Interface.<anonymous> (tsserver.js:131789:27)
    at Interface.emit (events.js:182:13)
    at Interface._onLine (readline.js:290:10)
    at Interface._normalWrite (readline.js:433:12)
    at Socket.ondata (readline.js:149:10)
    at Socket.emit (events.js:182:13)
    at addChunk (_stream_readable.js:279:12)
    at readableAddChunk (_stream_readable.js:264:11)
    at Socket.Readable.push (_stream_readable.js:219:10)
    at Pipe.onread (net.js:636:20)
	at Function.create (/usr/share/code/resources/app/extensions/typescript-language-features/dist/extension.js:1:176329)
	at v.dispatchResponse (/usr/share/code/resources/app/extensions/typescript-language-features/dist/extension.js:1:181697)
	at v.dispatchMessage (/usr/share/code/resources/app/extensions/typescript-language-features/dist/extension.js:1:180449)
	at constructor._reader.onData.e (/usr/share/code/resources/app/extensions/typescript-language-features/dist/extension.js:1:179805)
	at u.fire (/usr/share/code/resources/app/out/vs/workbench/services/extensions/node/extensionHostProcess.js:47:720)
	at t.Reader.onLengthData (/usr/share/code/resources/app/extensions/typescript-language-features/dist/extension.js:1:185678)
	at Socket.t.Reader.constructor.e.on.e (/usr/share/code/resources/app/extensions/typescript-language-features/dist/extension.js:1:185326)
	at Socket.emit (events.js:182:13)
	at Socket.EventEmitter.emit (domain.js:442:20)
	at addChunk (_stream_readable.js:279:12)
	at readableAddChunk (_stream_readable.js:264:11)
	at Socket.Readable.push (_stream_readable.js:219:10)
	at Pipe.onread (net.js:636:20)
[2019-06-01 13:49:10.566] [renderer1] [error] TypeScript Server Error (3.4.5)
Debug Failure. False expression.
Error: Debug Failure. False expression.
    at doChange (tsserver.js:115452:22)
    at tsserver.js:115443:96
    at Function.ChangeTracker.with (tsserver.js:110610:17)
    at Object.getCodeActions (tsserver.js:115443:64)
    at tsserver.js:111596:121
    at Object.flatMap (tsserver.js:571:25)
    at Object.getFixes (tsserver.js:111596:23)
    at tsserver.js:121245:35
    at Object.flatMap (tsserver.js:571:25)
    at Object.getCodeFixesAtPosition (tsserver.js:121243:23)
    at IOSession.Session.getCodeFixes (tsserver.js:130292:64)
    at Session.handlers.ts.createMapFromTemplate._a.(anonymous function) (tsserver.js:129048:61)
    at tsserver.js:130466:88
    at IOSession.Session.executeWithRequestId (tsserver.js:130457:28)
    at IOSession.Session.executeCommand (tsserver.js:130466:33)
    at IOSession.Session.onMessage (tsserver.js:130488:35)
    at Interface.<anonymous> (tsserver.js:131789:27)
    at Interface.emit (events.js:182:13)
    at Interface._onLine (readline.js:290:10)
    at Interface._normalWrite (readline.js:433:12)
    at Socket.ondata (readline.js:149:10)
    at Socket.emit (events.js:182:13)
    at addChunk (_stream_readable.js:279:12)
    at readableAddChunk (_stream_readable.js:264:11)
    at Socket.Readable.push (_stream_readable.js:219:10)
    at Pipe.onread (net.js:636:20): Error: TypeScript Server Error (3.4.5)
Debug Failure. False expression.
Error: Debug Failure. False expression.
    at doChange (tsserver.js:115452:22)
    at tsserver.js:115443:96
    at Function.ChangeTracker.with (tsserver.js:110610:17)
    at Object.getCodeActions (tsserver.js:115443:64)
    at tsserver.js:111596:121
    at Object.flatMap (tsserver.js:571:25)
    at Object.getFixes (tsserver.js:111596:23)
    at tsserver.js:121245:35
    at Object.flatMap (tsserver.js:571:25)
    at Object.getCodeFixesAtPosition (tsserver.js:121243:23)
    at IOSession.Session.getCodeFixes (tsserver.js:130292:64)
    at Session.handlers.ts.createMapFromTemplate._a.(anonymous function) (tsserver.js:129048:61)
    at tsserver.js:130466:88
    at IOSession.Session.executeWithRequestId (tsserver.js:130457:28)
    at IOSession.Session.executeCommand (tsserver.js:130466:33)
    at IOSession.Session.onMessage (tsserver.js:130488:35)
    at Interface.<anonymous> (tsserver.js:131789:27)
    at Interface.emit (events.js:182:13)
    at Interface._onLine (readline.js:290:10)
    at Interface._normalWrite (readline.js:433:12)
    at Socket.ondata (readline.js:149:10)
    at Socket.emit (events.js:182:13)
    at addChunk (_stream_readable.js:279:12)
    at readableAddChunk (_stream_readable.js:264:11)
    at Socket.Readable.push (_stream_readable.js:219:10)
    at Pipe.onread (net.js:636:20)
	at Function.create (/usr/share/code/resources/app/extensions/typescript-language-features/dist/extension.js:1:176329)
	at v.dispatchResponse (/usr/share/code/resources/app/extensions/typescript-language-features/dist/extension.js:1:181697)
	at v.dispatchMessage (/usr/share/code/resources/app/extensions/typescript-language-features/dist/extension.js:1:180449)
	at constructor._reader.onData.e (/usr/share/code/resources/app/extensions/typescript-language-features/dist/extension.js:1:179805)
	at u.fire (/usr/share/code/resources/app/out/vs/workbench/services/extensions/node/extensionHostProcess.js:47:720)
	at t.Reader.onLengthData (/usr/share/code/resources/app/extensions/typescript-language-features/dist/extension.js:1:185678)
	at Socket.t.Reader.constructor.e.on.e (/usr/share/code/resources/app/extensions/typescript-language-features/dist/extension.js:1:185326)
	at Socket.emit (events.js:182:13)
	at Socket.EventEmitter.emit (domain.js:442:20)
	at addChunk (_stream_readable.js:279:12)
	at readableAddChunk (_stream_readable.js:264:11)
	at Socket.Readable.push (_stream_readable.js:219:10)
	at Pipe.onread (net.js:636:20)
[2019-06-01 13:50:28.098] [renderer1] [error] TypeScript Server Error (3.4.5)
Debug Failure. Expected export symbol to have a parent
Error: Debug Failure. Expected export symbol to have a parent
    at Object.assertDefined (tsserver.js:1581:24)
    at getExportAssignmentExport (tsserver.js:101367:58)
    at getExport (tsserver.js:101348:32)
    at Object.getImportOrExportSymbol (tsserver.js:101315:53)
    at getImportOrExportReferences (tsserver.js:102610:56)
    at getReferencesAtLocation (tsserver.js:102542:17)
    at getReferencesInContainer (tsserver.js:102486:21)
    at getReferencesInContainerOrFiles (tsserver.js:102048:21)
    at getReferencedSymbolsForSymbol (tsserver.js:102039:21)
    at Object.getReferencedSymbolsForNode (tsserver.js:101853:34)
    at Object.getReferenceEntriesForNode (tsserver.js:101588:58)
    at getSemanticDocumentHighlights (tsserver.js:100402:57)
    at Object.getDocumentHighlights (tsserver.js:100390:20)
    at Object.getDocumentHighlights (tsserver.js:121035:42)
    at IOSession.Session.getDocumentHighlights (tsserver.js:129621:71)
    at Session.handlers.ts.createMapFromTemplate._a.(anonymous function) (tsserver.js:129028:61)
    at tsserver.js:130466:88
    at IOSession.Session.executeWithRequestId (tsserver.js:130457:28)
    at IOSession.Session.executeCommand (tsserver.js:130466:33)
    at IOSession.Session.onMessage (tsserver.js:130488:35)
    at Interface.<anonymous> (tsserver.js:131789:27)
    at Interface.emit (events.js:182:13)
    at Interface._onLine (readline.js:290:10)
    at Interface._normalWrite (readline.js:433:12)
    at Socket.ondata (readline.js:149:10)
    at Socket.emit (events.js:182:13)
    at addChunk (_stream_readable.js:279:12)
    at readableAddChunk (_stream_readable.js:264:11)
    at Socket.Readable.push (_stream_readable.js:219:10)
    at Pipe.onread (net.js:636:20): Error: TypeScript Server Error (3.4.5)
Debug Failure. Expected export symbol to have a parent
Error: Debug Failure. Expected export symbol to have a parent
    at Object.assertDefined (tsserver.js:1581:24)
    at getExportAssignmentExport (tsserver.js:101367:58)
    at getExport (tsserver.js:101348:32)
    at Object.getImportOrExportSymbol (tsserver.js:101315:53)
    at getImportOrExportReferences (tsserver.js:102610:56)
    at getReferencesAtLocation (tsserver.js:102542:17)
    at getReferencesInContainer (tsserver.js:102486:21)
    at getReferencesInContainerOrFiles (tsserver.js:102048:21)
    at getReferencedSymbolsForSymbol (tsserver.js:102039:21)
    at Object.getReferencedSymbolsForNode (tsserver.js:101853:34)
    at Object.getReferenceEntriesForNode (tsserver.js:101588:58)
    at getSemanticDocumentHighlights (tsserver.js:100402:57)
    at Object.getDocumentHighlights (tsserver.js:100390:20)
    at Object.getDocumentHighlights (tsserver.js:121035:42)
    at IOSession.Session.getDocumentHighlights (tsserver.js:129621:71)
    at Session.handlers.ts.createMapFromTemplate._a.(anonymous function) (tsserver.js:129028:61)
    at tsserver.js:130466:88
    at IOSession.Session.executeWithRequestId (tsserver.js:130457:28)
    at IOSession.Session.executeCommand (tsserver.js:130466:33)
    at IOSession.Session.onMessage (tsserver.js:130488:35)
    at Interface.<anonymous> (tsserver.js:131789:27)
    at Interface.emit (events.js:182:13)
    at Interface._onLine (readline.js:290:10)
    at Interface._normalWrite (readline.js:433:12)
    at Socket.ondata (readline.js:149:10)
    at Socket.emit (events.js:182:13)
    at addChunk (_stream_readable.js:279:12)
    at readableAddChunk (_stream_readable.js:264:11)
    at Socket.Readable.push (_stream_readable.js:219:10)
    at Pipe.onread (net.js:636:20)
	at Function.create (/usr/share/code/resources/app/extensions/typescript-language-features/dist/extension.js:1:176329)
	at v.dispatchResponse (/usr/share/code/resources/app/extensions/typescript-language-features/dist/extension.js:1:181697)
	at v.dispatchMessage (/usr/share/code/resources/app/extensions/typescript-language-features/dist/extension.js:1:180449)
	at constructor._reader.onData.e (/usr/share/code/resources/app/extensions/typescript-language-features/dist/extension.js:1:179805)
	at u.fire (/usr/share/code/resources/app/out/vs/workbench/services/extensions/node/extensionHostProcess.js:47:720)
	at t.Reader.onLengthData (/usr/share/code/resources/app/extensions/typescript-language-features/dist/extension.js:1:185678)
	at Socket.t.Reader.constructor.e.on.e (/usr/share/code/resources/app/extensions/typescript-language-features/dist/extension.js:1:185326)
	at Socket.emit (events.js:182:13)
	at Socket.EventEmitter.emit (domain.js:442:20)
	at addChunk (_stream_readable.js:279:12)
	at readableAddChunk (_stream_readable.js:264:11)
	at Socket.Readable.push (_stream_readable.js:219:10)
	at Pipe.onread (net.js:636:20)
[2019-06-01 14:11:10.156] [renderer1] [error] TypeScript Server Error (3.4.5)
Debug Failure. Did not expect JsxExpression to have an Identifier in its trivia
Error: Debug Failure. Did not expect JsxExpression to have an Identifier in its trivia
    at addSyntheticNodes (tsserver.js:119951:30)
    at createChildren (tsserver.js:119940:9)
    at NodeObject.getChildren (tsserver.js:119884:56)
    at getTokenAtPositionWorker (tsserver.js:95746:43)
    at getTouchingToken (tsserver.js:95733:16)
    at Object.getTouchingPropertyName (tsserver.js:95725:16)
    at Object.getQuickInfoAtPosition (tsserver.js:120955:27)
    at IOSession.Session.getQuickInfoWorker (tsserver.js:129864:62)
    at Session.handlers.ts.createMapFromTemplate._a.(anonymous function) (tsserver.js:128876:61)
    at tsserver.js:130466:88
    at IOSession.Session.executeWithRequestId (tsserver.js:130457:28)
    at IOSession.Session.executeCommand (tsserver.js:130466:33)
    at IOSession.Session.onMessage (tsserver.js:130488:35)
    at Interface.<anonymous> (tsserver.js:131789:27)
    at Interface.emit (events.js:182:13)
    at Interface._onLine (readline.js:290:10)
    at Interface._normalWrite (readline.js:433:12)
    at Socket.ondata (readline.js:149:10)
    at Socket.emit (events.js:182:13)
    at addChunk (_stream_readable.js:279:12)
    at readableAddChunk (_stream_readable.js:264:11)
    at Socket.Readable.push (_stream_readable.js:219:10)
    at Pipe.onread (net.js:636:20): Error: TypeScript Server Error (3.4.5)
Debug Failure. Did not expect JsxExpression to have an Identifier in its trivia
Error: Debug Failure. Did not expect JsxExpression to have an Identifier in its trivia
    at addSyntheticNodes (tsserver.js:119951:30)
    at createChildren (tsserver.js:119940:9)
    at NodeObject.getChildren (tsserver.js:119884:56)
    at getTokenAtPositionWorker (tsserver.js:95746:43)
    at getTouchingToken (tsserver.js:95733:16)
    at Object.getTouchingPropertyName (tsserver.js:95725:16)
    at Object.getQuickInfoAtPosition (tsserver.js:120955:27)
    at IOSession.Session.getQuickInfoWorker (tsserver.js:129864:62)
    at Session.handlers.ts.createMapFromTemplate._a.(anonymous function) (tsserver.js:128876:61)
    at tsserver.js:130466:88
    at IOSession.Session.executeWithRequestId (tsserver.js:130457:28)
    at IOSession.Session.executeCommand (tsserver.js:130466:33)
    at IOSession.Session.onMessage (tsserver.js:130488:35)
    at Interface.<anonymous> (tsserver.js:131789:27)
    at Interface.emit (events.js:182:13)
    at Interface._onLine (readline.js:290:10)
    at Interface._normalWrite (readline.js:433:12)
    at Socket.ondata (readline.js:149:10)
    at Socket.emit (events.js:182:13)
    at addChunk (_stream_readable.js:279:12)
    at readableAddChunk (_stream_readable.js:264:11)
    at Socket.Readable.push (_stream_readable.js:219:10)
    at Pipe.onread (net.js:636:20)
	at Function.create (/usr/share/code/resources/app/extensions/typescript-language-features/dist/extension.js:1:176329)
	at v.dispatchResponse (/usr/share/code/resources/app/extensions/typescript-language-features/dist/extension.js:1:181697)
	at v.dispatchMessage (/usr/share/code/resources/app/extensions/typescript-language-features/dist/extension.js:1:180449)
	at constructor._reader.onData.e (/usr/share/code/resources/app/extensions/typescript-language-features/dist/extension.js:1:179805)
	at u.fire (/usr/share/code/resources/app/out/vs/workbench/services/extensions/node/extensionHostProcess.js:47:720)
	at t.Reader.onLengthData (/usr/share/code/resources/app/extensions/typescript-language-features/dist/extension.js:1:185678)
	at Socket.t.Reader.constructor.e.on.e (/usr/share/code/resources/app/extensions/typescript-language-features/dist/extension.js:1:185326)
	at Socket.emit (events.js:182:13)
	at Socket.EventEmitter.emit (domain.js:442:20)
	at addChunk (_stream_readable.js:279:12)
	at readableAddChunk (_stream_readable.js:264:11)
	at Socket.Readable.push (_stream_readable.js:219:10)
	at Pipe.onread (net.js:636:20)
[2019-06-01 14:11:29.951] [renderer1] [error] TypeScript Server Error (3.4.5)
Debug Failure. Did not expect JsxExpression to have an Identifier in its trivia
Error: Debug Failure. Did not expect JsxExpression to have an Identifier in its trivia
    at addSyntheticNodes (tsserver.js:119951:30)
    at createChildren (tsserver.js:119940:9)
    at NodeObject.getChildren (tsserver.js:119884:56)
    at getTokenAtPositionWorker (tsserver.js:95746:43)
    at getTouchingToken (tsserver.js:95733:16)
    at Object.getTouchingPropertyName (tsserver.js:95725:16)
    at getReferencesAtLocation (tsserver.js:102493:44)
    at getReferencesInContainer (tsserver.js:102486:21)
    at getReferencesInSourceFile (tsserver.js:102473:24)
    at searchForName (tsserver.js:102279:21)
    at getReferencesInContainerOrFiles (tsserver.js:102055:25)
    at getReferencedSymbolsForSymbol (tsserver.js:102039:21)
    at Object.getReferencedSymbolsForNode (tsserver.js:101853:34)
    at Object.getReferenceEntriesForNode (tsserver.js:101588:58)
    at getSemanticDocumentHighlights (tsserver.js:100402:57)
    at Object.getDocumentHighlights (tsserver.js:100390:20)
    at Object.getDocumentHighlights (tsserver.js:121035:42)
    at IOSession.Session.getDocumentHighlights (tsserver.js:129621:71)
    at Session.handlers.ts.createMapFromTemplate._a.(anonymous function) (tsserver.js:129028:61)
    at tsserver.js:130466:88
    at IOSession.Session.executeWithRequestId (tsserver.js:130457:28)
    at IOSession.Session.executeCommand (tsserver.js:130466:33)
    at IOSession.Session.onMessage (tsserver.js:130488:35)
    at Interface.<anonymous> (tsserver.js:131789:27)
    at Interface.emit (events.js:182:13)
    at Interface._onLine (readline.js:290:10)
    at Interface._normalWrite (readline.js:433:12)
    at Socket.ondata (readline.js:149:10)
    at Socket.emit (events.js:182:13)
    at addChunk (_stream_readable.js:279:12)
    at readableAddChunk (_stream_readable.js:264:11)
    at Socket.Readable.push (_stream_readable.js:219:10)
    at Pipe.onread (net.js:636:20): Error: TypeScript Server Error (3.4.5)
Debug Failure. Did not expect JsxExpression to have an Identifier in its trivia
Error: Debug Failure. Did not expect JsxExpression to have an Identifier in its trivia
    at addSyntheticNodes (tsserver.js:119951:30)
    at createChildren (tsserver.js:119940:9)
    at NodeObject.getChildren (tsserver.js:119884:56)
    at getTokenAtPositionWorker (tsserver.js:95746:43)
    at getTouchingToken (tsserver.js:95733:16)
    at Object.getTouchingPropertyName (tsserver.js:95725:16)
    at getReferencesAtLocation (tsserver.js:102493:44)
    at getReferencesInContainer (tsserver.js:102486:21)
    at getReferencesInSourceFile (tsserver.js:102473:24)
    at searchForName (tsserver.js:102279:21)
    at getReferencesInContainerOrFiles (tsserver.js:102055:25)
    at getReferencedSymbolsForSymbol (tsserver.js:102039:21)
    at Object.getReferencedSymbolsForNode (tsserver.js:101853:34)
    at Object.getReferenceEntriesForNode (tsserver.js:101588:58)
    at getSemanticDocumentHighlights (tsserver.js:100402:57)
    at Object.getDocumentHighlights (tsserver.js:100390:20)
    at Object.getDocumentHighlights (tsserver.js:121035:42)
    at IOSession.Session.getDocumentHighlights (tsserver.js:129621:71)
    at Session.handlers.ts.createMapFromTemplate._a.(anonymous function) (tsserver.js:129028:61)
    at tsserver.js:130466:88
    at IOSession.Session.executeWithRequestId (tsserver.js:130457:28)
    at IOSession.Session.executeCommand (tsserver.js:130466:33)
    at IOSession.Session.onMessage (tsserver.js:130488:35)
    at Interface.<anonymous> (tsserver.js:131789:27)
    at Interface.emit (events.js:182:13)
    at Interface._onLine (readline.js:290:10)
    at Interface._normalWrite (readline.js:433:12)
    at Socket.ondata (readline.js:149:10)
    at Socket.emit (events.js:182:13)
    at addChunk (_stream_readable.js:279:12)
    at readableAddChunk (_stream_readable.js:264:11)
    at Socket.Readable.push (_stream_readable.js:219:10)
    at Pipe.onread (net.js:636:20)
	at Function.create (/usr/share/code/resources/app/extensions/typescript-language-features/dist/extension.js:1:176329)
	at v.dispatchResponse (/usr/share/code/resources/app/extensions/typescript-language-features/dist/extension.js:1:181697)
	at v.dispatchMessage (/usr/share/code/resources/app/extensions/typescript-language-features/dist/extension.js:1:180449)
	at constructor._reader.onData.e (/usr/share/code/resources/app/extensions/typescript-language-features/dist/extension.js:1:179805)
	at u.fire (/usr/share/code/resources/app/out/vs/workbench/services/extensions/node/extensionHostProcess.js:47:720)
	at t.Reader.onLengthData (/usr/share/code/resources/app/extensions/typescript-language-features/dist/extension.js:1:185678)
	at Socket.t.Reader.constructor.e.on.e (/usr/share/code/resources/app/extensions/typescript-language-features/dist/extension.js:1:185326)
	at Socket.emit (events.js:182:13)
	at Socket.EventEmitter.emit (domain.js:442:20)
	at addChunk (_stream_readable.js:279:12)
	at readableAddChunk (_stream_readable.js:264:11)
	at Socket.Readable.push (_stream_readable.js:219:10)
	at Pipe.onread (net.js:636:20)
[2019-06-01 14:11:30.049] [renderer1] [error] TypeScript Server Error (3.4.5)
Debug Failure. Did not expect JsxExpression to have an Identifier in its trivia
Error: Debug Failure. Did not expect JsxExpression to have an Identifier in its trivia
    at addSyntheticNodes (tsserver.js:119951:30)
    at createChildren (tsserver.js:119940:9)
    at NodeObject.getChildren (tsserver.js:119884:56)
    at getTokenAtPositionWorker (tsserver.js:95746:43)
    at getTouchingToken (tsserver.js:95733:16)
    at Object.getTouchingPropertyName (tsserver.js:95725:16)
    at tsserver.js:102403:126
    at Array.map (<anonymous>)
    at getPossibleSymbolReferenceNodes (tsserver.js:102403:95)
    at tsserver.js:102933:28
    at Object.flatMap (tsserver.js:571:25)
    at getReferencesForThisKeyword (tsserver.js:102931:37)
    at getReferencedSymbolsSpecial (tsserver.js:102014:28)
    at Object.getReferencedSymbolsForNode (tsserver.js:101831:35)
    at Object.getReferenceEntriesForNode (tsserver.js:101588:58)
    at getSemanticDocumentHighlights (tsserver.js:100402:57)
    at Object.getDocumentHighlights (tsserver.js:100390:20)
    at Object.getDocumentHighlights (tsserver.js:121035:42)
    at IOSession.Session.getDocumentHighlights (tsserver.js:129621:71)
    at Session.handlers.ts.createMapFromTemplate._a.(anonymous function) (tsserver.js:129028:61)
    at tsserver.js:130466:88
    at IOSession.Session.executeWithRequestId (tsserver.js:130457:28)
    at IOSession.Session.executeCommand (tsserver.js:130466:33)
    at IOSession.Session.onMessage (tsserver.js:130488:35)
    at Interface.<anonymous> (tsserver.js:131789:27)
    at Interface.emit (events.js:182:13)
    at Interface._onLine (readline.js:290:10)
    at Interface._normalWrite (readline.js:433:12)
    at Socket.ondata (readline.js:149:10)
    at Socket.emit (events.js:182:13)
    at addChunk (_stream_readable.js:279:12)
    at readableAddChunk (_stream_readable.js:264:11)
    at Socket.Readable.push (_stream_readable.js:219:10)
    at Pipe.onread (net.js:636:20): Error: TypeScript Server Error (3.4.5)
Debug Failure. Did not expect JsxExpression to have an Identifier in its trivia
Error: Debug Failure. Did not expect JsxExpression to have an Identifier in its trivia
    at addSyntheticNodes (tsserver.js:119951:30)
    at createChildren (tsserver.js:119940:9)
    at NodeObject.getChildren (tsserver.js:119884:56)
    at getTokenAtPositionWorker (tsserver.js:95746:43)
    at getTouchingToken (tsserver.js:95733:16)
    at Object.getTouchingPropertyName (tsserver.js:95725:16)
    at tsserver.js:102403:126
    at Array.map (<anonymous>)
    at getPossibleSymbolReferenceNodes (tsserver.js:102403:95)
    at tsserver.js:102933:28
    at Object.flatMap (tsserver.js:571:25)
    at getReferencesForThisKeyword (tsserver.js:102931:37)
    at getReferencedSymbolsSpecial (tsserver.js:102014:28)
    at Object.getReferencedSymbolsForNode (tsserver.js:101831:35)
    at Object.getReferenceEntriesForNode (tsserver.js:101588:58)
    at getSemanticDocumentHighlights (tsserver.js:100402:57)
    at Object.getDocumentHighlights (tsserver.js:100390:20)
    at Object.getDocumentHighlights (tsserver.js:121035:42)
    at IOSession.Session.getDocumentHighlights (tsserver.js:129621:71)
    at Session.handlers.ts.createMapFromTemplate._a.(anonymous function) (tsserver.js:129028:61)
    at tsserver.js:130466:88
    at IOSession.Session.executeWithRequestId (tsserver.js:130457:28)
    at IOSession.Session.executeCommand (tsserver.js:130466:33)
    at IOSession.Session.onMessage (tsserver.js:130488:35)
    at Interface.<anonymous> (tsserver.js:131789:27)
    at Interface.emit (events.js:182:13)
    at Interface._onLine (readline.js:290:10)
    at Interface._normalWrite (readline.js:433:12)
    at Socket.ondata (readline.js:149:10)
    at Socket.emit (events.js:182:13)
    at addChunk (_stream_readable.js:279:12)
    at readableAddChunk (_stream_readable.js:264:11)
    at Socket.Readable.push (_stream_readable.js:219:10)
    at Pipe.onread (net.js:636:20)
	at Function.create (/usr/share/code/resources/app/extensions/typescript-language-features/dist/extension.js:1:176329)
	at v.dispatchResponse (/usr/share/code/resources/app/extensions/typescript-language-features/dist/extension.js:1:181697)
	at v.dispatchMessage (/usr/share/code/resources/app/extensions/typescript-language-features/dist/extension.js:1:180449)
	at constructor._reader.onData.e (/usr/share/code/resources/app/extensions/typescript-language-features/dist/extension.js:1:179805)
	at u.fire (/usr/share/code/resources/app/out/vs/workbench/services/extensions/node/extensionHostProcess.js:47:720)
	at t.Reader.onLengthData (/usr/share/code/resources/app/extensions/typescript-language-features/dist/extension.js:1:185678)
	at Socket.t.Reader.constructor.e.on.e (/usr/share/code/resources/app/extensions/typescript-language-features/dist/extension.js:1:185326)
	at Socket.emit (events.js:182:13)
	at Socket.EventEmitter.emit (domain.js:442:20)
	at addChunk (_stream_readable.js:279:12)
	at readableAddChunk (_stream_readable.js:264:11)
	at Socket.Readable.push (_stream_readable.js:219:10)
	at Pipe.onread (net.js:636:20)
[2019-06-01 14:11:30.273] [renderer1] [error] TypeScript Server Error (3.4.5)
Debug Failure. Did not expect JsxExpression to have an Identifier in its trivia
Error: Debug Failure. Did not expect JsxExpression to have an Identifier in its trivia
    at addSyntheticNodes (tsserver.js:119951:30)
    at createChildren (tsserver.js:119940:9)
    at NodeObject.getChildren (tsserver.js:119884:56)
    at getTokenAtPositionWorker (tsserver.js:95746:43)
    at getTouchingToken (tsserver.js:95733:16)
    at Object.getTouchingPropertyName (tsserver.js:95725:16)
    at getReferencesAtLocation (tsserver.js:102493:44)
    at getReferencesInContainer (tsserver.js:102486:21)
    at getReferencesInSourceFile (tsserver.js:102473:24)
    at searchForName (tsserver.js:102279:21)
    at getReferencesInContainerOrFiles (tsserver.js:102055:25)
    at getReferencedSymbolsForSymbol (tsserver.js:102039:21)
    at Object.getReferencedSymbolsForNode (tsserver.js:101853:34)
    at Object.getReferenceEntriesForNode (tsserver.js:101588:58)
    at getSemanticDocumentHighlights (tsserver.js:100402:57)
    at Object.getDocumentHighlights (tsserver.js:100390:20)
    at Object.getDocumentHighlights (tsserver.js:121035:42)
    at IOSession.Session.getDocumentHighlights (tsserver.js:129621:71)
    at Session.handlers.ts.createMapFromTemplate._a.(anonymous function) (tsserver.js:129028:61)
    at tsserver.js:130466:88
    at IOSession.Session.executeWithRequestId (tsserver.js:130457:28)
    at IOSession.Session.executeCommand (tsserver.js:130466:33)
    at IOSession.Session.onMessage (tsserver.js:130488:35)
    at Interface.<anonymous> (tsserver.js:131789:27)
    at Interface.emit (events.js:182:13)
    at Interface._onLine (readline.js:290:10)
    at Interface._normalWrite (readline.js:433:12)
    at Socket.ondata (readline.js:149:10)
    at Socket.emit (events.js:182:13)
    at addChunk (_stream_readable.js:279:12)
    at readableAddChunk (_stream_readable.js:264:11)
    at Socket.Readable.push (_stream_readable.js:219:10)
    at Pipe.onread (net.js:636:20): Error: TypeScript Server Error (3.4.5)
Debug Failure. Did not expect JsxExpression to have an Identifier in its trivia
Error: Debug Failure. Did not expect JsxExpression to have an Identifier in its trivia
    at addSyntheticNodes (tsserver.js:119951:30)
    at createChildren (tsserver.js:119940:9)
    at NodeObject.getChildren (tsserver.js:119884:56)
    at getTokenAtPositionWorker (tsserver.js:95746:43)
    at getTouchingToken (tsserver.js:95733:16)
    at Object.getTouchingPropertyName (tsserver.js:95725:16)
    at getReferencesAtLocation (tsserver.js:102493:44)
    at getReferencesInContainer (tsserver.js:102486:21)
    at getReferencesInSourceFile (tsserver.js:102473:24)
    at searchForName (tsserver.js:102279:21)
    at getReferencesInContainerOrFiles (tsserver.js:102055:25)
    at getReferencedSymbolsForSymbol (tsserver.js:102039:21)
    at Object.getReferencedSymbolsForNode (tsserver.js:101853:34)
    at Object.getReferenceEntriesForNode (tsserver.js:101588:58)
    at getSemanticDocumentHighlights (tsserver.js:100402:57)
    at Object.getDocumentHighlights (tsserver.js:100390:20)
    at Object.getDocumentHighlights (tsserver.js:121035:42)
    at IOSession.Session.getDocumentHighlights (tsserver.js:129621:71)
    at Session.handlers.ts.createMapFromTemplate._a.(anonymous function) (tsserver.js:129028:61)
    at tsserver.js:130466:88
    at IOSession.Session.executeWithRequestId (tsserver.js:130457:28)
    at IOSession.Session.executeCommand (tsserver.js:130466:33)
    at IOSession.Session.onMessage (tsserver.js:130488:35)
    at Interface.<anonymous> (tsserver.js:131789:27)
    at Interface.emit (events.js:182:13)
    at Interface._onLine (readline.js:290:10)
    at Interface._normalWrite (readline.js:433:12)
    at Socket.ondata (readline.js:149:10)
    at Socket.emit (events.js:182:13)
    at addChunk (_stream_readable.js:279:12)
    at readableAddChunk (_stream_readable.js:264:11)
    at Socket.Readable.push (_stream_readable.js:219:10)
    at Pipe.onread (net.js:636:20)
	at Function.create (/usr/share/code/resources/app/extensions/typescript-language-features/dist/extension.js:1:176329)
	at v.dispatchResponse (/usr/share/code/resources/app/extensions/typescript-language-features/dist/extension.js:1:181697)
	at v.dispatchMessage (/usr/share/code/resources/app/extensions/typescript-language-features/dist/extension.js:1:180449)
	at constructor._reader.onData.e (/usr/share/code/resources/app/extensions/typescript-language-features/dist/extension.js:1:179805)
	at u.fire (/usr/share/code/resources/app/out/vs/workbench/services/extensions/node/extensionHostProcess.js:47:720)
	at t.Reader.onLengthData (/usr/share/code/resources/app/extensions/typescript-language-features/dist/extension.js:1:185678)
	at Socket.t.Reader.constructor.e.on.e (/usr/share/code/resources/app/extensions/typescript-language-features/dist/extension.js:1:185326)
	at Socket.emit (events.js:182:13)
	at Socket.EventEmitter.emit (domain.js:442:20)
	at addChunk (_stream_readable.js:279:12)
	at readableAddChunk (_stream_readable.js:264:11)
	at Socket.Readable.push (_stream_readable.js:219:10)
	at Pipe.onread (net.js:636:20)
[2019-06-01 14:11:31.145] [renderer1] [error] TypeScript Server Error (3.4.5)
Debug Failure. Did not expect JsxExpression to have an Identifier in its trivia
Error: Debug Failure. Did not expect JsxExpression to have an Identifier in its trivia
    at addSyntheticNodes (tsserver.js:119951:30)
    at createChildren (tsserver.js:119940:9)
    at NodeObject.getChildren (tsserver.js:119884:56)
    at getTokenAtPositionWorker (tsserver.js:95746:43)
    at getTouchingToken (tsserver.js:95733:16)
    at Object.getTouchingPropertyName (tsserver.js:95725:16)
    at tsserver.js:102403:126
    at Array.map (<anonymous>)
    at getPossibleSymbolReferenceNodes (tsserver.js:102403:95)
    at tsserver.js:102933:28
    at Object.flatMap (tsserver.js:571:25)
    at getReferencesForThisKeyword (tsserver.js:102931:37)
    at getReferencedSymbolsSpecial (tsserver.js:102014:28)
    at Object.getReferencedSymbolsForNode (tsserver.js:101831:35)
    at Object.getReferenceEntriesForNode (tsserver.js:101588:58)
    at getSemanticDocumentHighlights (tsserver.js:100402:57)
    at Object.getDocumentHighlights (tsserver.js:100390:20)
    at Object.getDocumentHighlights (tsserver.js:121035:42)
    at IOSession.Session.getDocumentHighlights (tsserver.js:129621:71)
    at Session.handlers.ts.createMapFromTemplate._a.(anonymous function) (tsserver.js:129028:61)
    at tsserver.js:130466:88
    at IOSession.Session.executeWithRequestId (tsserver.js:130457:28)
    at IOSession.Session.executeCommand (tsserver.js:130466:33)
    at IOSession.Session.onMessage (tsserver.js:130488:35)
    at Interface.<anonymous> (tsserver.js:131789:27)
    at Interface.emit (events.js:182:13)
    at Interface._onLine (readline.js:290:10)
    at Interface._normalWrite (readline.js:433:12)
    at Socket.ondata (readline.js:149:10)
    at Socket.emit (events.js:182:13)
    at addChunk (_stream_readable.js:279:12)
    at readableAddChunk (_stream_readable.js:264:11)
    at Socket.Readable.push (_stream_readable.js:219:10)
    at Pipe.onread (net.js:636:20): Error: TypeScript Server Error (3.4.5)
Debug Failure. Did not expect JsxExpression to have an Identifier in its trivia
Error: Debug Failure. Did not expect JsxExpression to have an Identifier in its trivia
    at addSyntheticNodes (tsserver.js:119951:30)
    at createChildren (tsserver.js:119940:9)
    at NodeObject.getChildren (tsserver.js:119884:56)
    at getTokenAtPositionWorker (tsserver.js:95746:43)
    at getTouchingToken (tsserver.js:95733:16)
    at Object.getTouchingPropertyName (tsserver.js:95725:16)
    at tsserver.js:102403:126
    at Array.map (<anonymous>)
    at getPossibleSymbolReferenceNodes (tsserver.js:102403:95)
    at tsserver.js:102933:28
    at Object.flatMap (tsserver.js:571:25)
    at getReferencesForThisKeyword (tsserver.js:102931:37)
    at getReferencedSymbolsSpecial (tsserver.js:102014:28)
    at Object.getReferencedSymbolsForNode (tsserver.js:101831:35)
    at Object.getReferenceEntriesForNode (tsserver.js:101588:58)
    at getSemanticDocumentHighlights (tsserver.js:100402:57)
    at Object.getDocumentHighlights (tsserver.js:100390:20)
    at Object.getDocumentHighlights (tsserver.js:121035:42)
    at IOSession.Session.getDocumentHighlights (tsserver.js:129621:71)
    at Session.handlers.ts.createMapFromTemplate._a.(anonymous function) (tsserver.js:129028:61)
    at tsserver.js:130466:88
    at IOSession.Session.executeWithRequestId (tsserver.js:130457:28)
    at IOSession.Session.executeCommand (tsserver.js:130466:33)
    at IOSession.Session.onMessage (tsserver.js:130488:35)
    at Interface.<anonymous> (tsserver.js:131789:27)
    at Interface.emit (events.js:182:13)
    at Interface._onLine (readline.js:290:10)
    at Interface._normalWrite (readline.js:433:12)
    at Socket.ondata (readline.js:149:10)
    at Socket.emit (events.js:182:13)
    at addChunk (_stream_readable.js:279:12)
    at readableAddChunk (_stream_readable.js:264:11)
    at Socket.Readable.push (_stream_readable.js:219:10)
    at Pipe.onread (net.js:636:20)
	at Function.create (/usr/share/code/resources/app/extensions/typescript-language-features/dist/extension.js:1:176329)
	at v.dispatchResponse (/usr/share/code/resources/app/extensions/typescript-language-features/dist/extension.js:1:181697)
	at v.dispatchMessage (/usr/share/code/resources/app/extensions/typescript-language-features/dist/extension.js:1:180449)
	at constructor._reader.onData.e (/usr/share/code/resources/app/extensions/typescript-language-features/dist/extension.js:1:179805)
	at u.fire (/usr/share/code/resources/app/out/vs/workbench/services/extensions/node/extensionHostProcess.js:47:720)
	at t.Reader.onLengthData (/usr/share/code/resources/app/extensions/typescript-language-features/dist/extension.js:1:185678)
	at Socket.t.Reader.constructor.e.on.e (/usr/share/code/resources/app/extensions/typescript-language-features/dist/extension.js:1:185326)
	at Socket.emit (events.js:182:13)
	at Socket.EventEmitter.emit (domain.js:442:20)
	at addChunk (_stream_readable.js:279:12)
	at readableAddChunk (_stream_readable.js:264:11)
	at Socket.Readable.push (_stream_readable.js:219:10)
	at Pipe.onread (net.js:636:20)
[2019-06-01 14:11:31.687] [renderer1] [error] TypeScript Server Error (3.4.5)
Debug Failure. Did not expect JsxExpression to have an Identifier in its trivia
Error: Debug Failure. Did not expect JsxExpression to have an Identifier in its trivia
    at addSyntheticNodes (tsserver.js:119951:30)
    at createChildren (tsserver.js:119940:9)
    at NodeObject.getChildren (tsserver.js:119884:56)
    at getTokenAtPositionWorker (tsserver.js:95746:43)
    at getTouchingToken (tsserver.js:95733:16)
    at Object.getTouchingPropertyName (tsserver.js:95725:16)
    at getReferencesAtLocation (tsserver.js:102493:44)
    at getReferencesInContainer (tsserver.js:102486:21)
    at getReferencesInSourceFile (tsserver.js:102473:24)
    at searchForName (tsserver.js:102279:21)
    at getReferencesInContainerOrFiles (tsserver.js:102055:25)
    at getReferencedSymbolsForSymbol (tsserver.js:102039:21)
    at Object.getReferencedSymbolsForNode (tsserver.js:101853:34)
    at Object.getReferenceEntriesForNode (tsserver.js:101588:58)
    at getSemanticDocumentHighlights (tsserver.js:100402:57)
    at Object.getDocumentHighlights (tsserver.js:100390:20)
    at Object.getDocumentHighlights (tsserver.js:121035:42)
    at IOSession.Session.getDocumentHighlights (tsserver.js:129621:71)
    at Session.handlers.ts.createMapFromTemplate._a.(anonymous function) (tsserver.js:129028:61)
    at tsserver.js:130466:88
    at IOSession.Session.executeWithRequestId (tsserver.js:130457:28)
    at IOSession.Session.executeCommand (tsserver.js:130466:33)
    at IOSession.Session.onMessage (tsserver.js:130488:35)
    at Interface.<anonymous> (tsserver.js:131789:27)
    at Interface.emit (events.js:182:13)
    at Interface._onLine (readline.js:290:10)
    at Interface._normalWrite (readline.js:433:12)
    at Socket.ondata (readline.js:149:10)
    at Socket.emit (events.js:182:13)
    at addChunk (_stream_readable.js:279:12)
    at readableAddChunk (_stream_readable.js:264:11)
    at Socket.Readable.push (_stream_readable.js:219:10)
    at Pipe.onread (net.js:636:20): Error: TypeScript Server Error (3.4.5)
Debug Failure. Did not expect JsxExpression to have an Identifier in its trivia
Error: Debug Failure. Did not expect JsxExpression to have an Identifier in its trivia
    at addSyntheticNodes (tsserver.js:119951:30)
    at createChildren (tsserver.js:119940:9)
    at NodeObject.getChildren (tsserver.js:119884:56)
    at getTokenAtPositionWorker (tsserver.js:95746:43)
    at getTouchingToken (tsserver.js:95733:16)
    at Object.getTouchingPropertyName (tsserver.js:95725:16)
    at getReferencesAtLocation (tsserver.js:102493:44)
    at getReferencesInContainer (tsserver.js:102486:21)
    at getReferencesInSourceFile (tsserver.js:102473:24)
    at searchForName (tsserver.js:102279:21)
    at getReferencesInContainerOrFiles (tsserver.js:102055:25)
    at getReferencedSymbolsForSymbol (tsserver.js:102039:21)
    at Object.getReferencedSymbolsForNode (tsserver.js:101853:34)
    at Object.getReferenceEntriesForNode (tsserver.js:101588:58)
    at getSemanticDocumentHighlights (tsserver.js:100402:57)
    at Object.getDocumentHighlights (tsserver.js:100390:20)
    at Object.getDocumentHighlights (tsserver.js:121035:42)
    at IOSession.Session.getDocumentHighlights (tsserver.js:129621:71)
    at Session.handlers.ts.createMapFromTemplate._a.(anonymous function) (tsserver.js:129028:61)
    at tsserver.js:130466:88
    at IOSession.Session.executeWithRequestId (tsserver.js:130457:28)
    at IOSession.Session.executeCommand (tsserver.js:130466:33)
    at IOSession.Session.onMessage (tsserver.js:130488:35)
    at Interface.<anonymous> (tsserver.js:131789:27)
    at Interface.emit (events.js:182:13)
    at Interface._onLine (readline.js:290:10)
    at Interface._normalWrite (readline.js:433:12)
    at Socket.ondata (readline.js:149:10)
    at Socket.emit (events.js:182:13)
    at addChunk (_stream_readable.js:279:12)
    at readableAddChunk (_stream_readable.js:264:11)
    at Socket.Readable.push (_stream_readable.js:219:10)
    at Pipe.onread (net.js:636:20)
	at Function.create (/usr/share/code/resources/app/extensions/typescript-language-features/dist/extension.js:1:176329)
	at v.dispatchResponse (/usr/share/code/resources/app/extensions/typescript-language-features/dist/extension.js:1:181697)
	at v.dispatchMessage (/usr/share/code/resources/app/extensions/typescript-language-features/dist/extension.js:1:180449)
	at constructor._reader.onData.e (/usr/share/code/resources/app/extensions/typescript-language-features/dist/extension.js:1:179805)
	at u.fire (/usr/share/code/resources/app/out/vs/workbench/services/extensions/node/extensionHostProcess.js:47:720)
	at t.Reader.onLengthData (/usr/share/code/resources/app/extensions/typescript-language-features/dist/extension.js:1:185678)
	at Socket.t.Reader.constructor.e.on.e (/usr/share/code/resources/app/extensions/typescript-language-features/dist/extension.js:1:185326)
	at Socket.emit (events.js:182:13)
	at Socket.EventEmitter.emit (domain.js:442:20)
	at addChunk (_stream_readable.js:279:12)
	at readableAddChunk (_stream_readable.js:264:11)
	at Socket.Readable.push (_stream_readable.js:219:10)
	at Pipe.onread (net.js:636:20)
[2019-06-01 14:11:34.733] [renderer1] [error] TypeScript Server Error (3.4.5)
Debug Failure. Did not expect JsxExpression to have an Identifier in its trivia
Error: Debug Failure. Did not expect JsxExpression to have an Identifier in its trivia
    at addSyntheticNodes (tsserver.js:119951:30)
    at createChildren (tsserver.js:119940:9)
    at NodeObject.getChildren (tsserver.js:119884:56)
    at getTokenAtPositionWorker (tsserver.js:95746:43)
    at Object.getTokenAtPosition (tsserver.js:95738:16)
    at Object.getCodeActions (tsserver.js:115212:32)
    at tsserver.js:111596:121
    at Object.flatMap (tsserver.js:571:25)
    at Object.getFixes (tsserver.js:111596:23)
    at tsserver.js:121245:35
    at Object.flatMap (tsserver.js:571:25)
    at Object.getCodeFixesAtPosition (tsserver.js:121243:23)
    at IOSession.Session.getCodeFixes (tsserver.js:130292:64)
    at Session.handlers.ts.createMapFromTemplate._a.(anonymous function) (tsserver.js:129048:61)
    at tsserver.js:130466:88
    at IOSession.Session.executeWithRequestId (tsserver.js:130457:28)
    at IOSession.Session.executeCommand (tsserver.js:130466:33)
    at IOSession.Session.onMessage (tsserver.js:130488:35)
    at Interface.<anonymous> (tsserver.js:131789:27)
    at Interface.emit (events.js:182:13)
    at Interface._onLine (readline.js:290:10)
    at Interface._normalWrite (readline.js:433:12)
    at Socket.ondata (readline.js:149:10)
    at Socket.emit (events.js:182:13)
    at addChunk (_stream_readable.js:279:12)
    at readableAddChunk (_stream_readable.js:264:11)
    at Socket.Readable.push (_stream_readable.js:219:10)
    at Pipe.onread (net.js:636:20): Error: TypeScript Server Error (3.4.5)
Debug Failure. Did not expect JsxExpression to have an Identifier in its trivia
Error: Debug Failure. Did not expect JsxExpression to have an Identifier in its trivia
    at addSyntheticNodes (tsserver.js:119951:30)
    at createChildren (tsserver.js:119940:9)
    at NodeObject.getChildren (tsserver.js:119884:56)
    at getTokenAtPositionWorker (tsserver.js:95746:43)
    at Object.getTokenAtPosition (tsserver.js:95738:16)
    at Object.getCodeActions (tsserver.js:115212:32)
    at tsserver.js:111596:121
    at Object.flatMap (tsserver.js:571:25)
    at Object.getFixes (tsserver.js:111596:23)
    at tsserver.js:121245:35
    at Object.flatMap (tsserver.js:571:25)
    at Object.getCodeFixesAtPosition (tsserver.js:121243:23)
    at IOSession.Session.getCodeFixes (tsserver.js:130292:64)
    at Session.handlers.ts.createMapFromTemplate._a.(anonymous function) (tsserver.js:129048:61)
    at tsserver.js:130466:88
    at IOSession.Session.executeWithRequestId (tsserver.js:130457:28)
    at IOSession.Session.executeCommand (tsserver.js:130466:33)
    at IOSession.Session.onMessage (tsserver.js:130488:35)
    at Interface.<anonymous> (tsserver.js:131789:27)
    at Interface.emit (events.js:182:13)
    at Interface._onLine (readline.js:290:10)
    at Interface._normalWrite (readline.js:433:12)
    at Socket.ondata (readline.js:149:10)
    at Socket.emit (events.js:182:13)
    at addChunk (_stream_readable.js:279:12)
    at readableAddChunk (_stream_readable.js:264:11)
    at Socket.Readable.push (_stream_readable.js:219:10)
    at Pipe.onread (net.js:636:20)
	at Function.create (/usr/share/code/resources/app/extensions/typescript-language-features/dist/extension.js:1:176329)
	at v.dispatchResponse (/usr/share/code/resources/app/extensions/typescript-language-features/dist/extension.js:1:181697)
	at v.dispatchMessage (/usr/share/code/resources/app/extensions/typescript-language-features/dist/extension.js:1:180449)
	at constructor._reader.onData.e (/usr/share/code/resources/app/extensions/typescript-language-features/dist/extension.js:1:179805)
	at u.fire (/usr/share/code/resources/app/out/vs/workbench/services/extensions/node/extensionHostProcess.js:47:720)
	at t.Reader.onLengthData (/usr/share/code/resources/app/extensions/typescript-language-features/dist/extension.js:1:185678)
	at Socket.t.Reader.constructor.e.on.e (/usr/share/code/resources/app/extensions/typescript-language-features/dist/extension.js:1:185326)
	at Socket.emit (events.js:182:13)
	at Socket.EventEmitter.emit (domain.js:442:20)
	at addChunk (_stream_readable.js:279:12)
	at readableAddChunk (_stream_readable.js:264:11)
	at Socket.Readable.push (_stream_readable.js:219:10)
	at Pipe.onread (net.js:636:20)
