[2019-06-01 13:36:47.017] [sharedprocess] [info] main {"machineId":"1b2acaefa67af21ef846cf7f67d68412a5b8f4477978800224c6dbc5987a5a52"}
[2019-06-01 13:36:47.463] [sharedprocess] [info] Scanned user extensions: 1
[2019-06-01 13:36:49.033] [sharedprocess] [info] Scanned system extensions: 72
[2019-06-01 13:36:49.678] [sharedprocess] [info] Scanned user extensions: 1
[2019-06-01 13:36:49.683] [sharedprocess] [info] Scanned user extensions: 1
[2019-06-01 13:36:49.809] [sharedprocess] [info] Scanned system extensions: 72
[2019-06-01 13:36:49.819] [sharedprocess] [info] Scanned system extensions: 72
[2019-06-01 13:36:49.883] [sharedprocess] [info] Scanned user extensions: 1
[2019-06-01 13:36:49.973] [sharedprocess] [info] Scanned system extensions: 72
[2019-06-01 13:36:51.600] [sharedprocess] [info] Scanned user extensions: 1
[2019-06-01 13:37:14.584] [sharedprocess] [info] Scanned user extensions: 1
[2019-06-01 13:37:14.588] [sharedprocess] [info] Scanned user extensions: 1
[2019-06-01 13:37:14.751] [sharedprocess] [info] Scanned system extensions: 72
[2019-06-01 13:37:14.761] [sharedprocess] [info] Scanned system extensions: 72
[2019-06-01 13:37:14.828] [sharedprocess] [info] Scanned user extensions: 1
[2019-06-01 13:37:14.925] [sharedprocess] [info] Scanned system extensions: 72
[2019-06-01 13:37:16.903] [sharedprocess] [info] Scanned user extensions: 1
[2019-06-01 13:37:27.057] [sharedprocess] [info] Starting to clean up unused language packs.
[2019-06-01 13:41:32.492] [sharedprocess] [info] Installing extension: jawandarajbir.react-vscode-extension-pack
[2019-06-01 13:41:32.518] [sharedprocess] [info] Scanned user extensions: 1
[2019-06-01 13:41:32.524] [sharedprocess] [info] Scanned user extensions: 1
[2019-06-01 13:41:32.526] [sharedprocess] [info] Scanned user extensions: 1
[2019-06-01 13:41:32.537] [sharedprocess] [info] Scanned user extensions: 1
[2019-06-01 13:41:32.542] [sharedprocess] [info] Scanned user extensions: 1
[2019-06-01 13:41:32.788] [sharedprocess] [info] Scanned system extensions: 72
[2019-06-01 13:41:32.794] [sharedprocess] [info] Scanned system extensions: 72
[2019-06-01 13:41:32.798] [sharedprocess] [info] Scanned system extensions: 72
[2019-06-01 13:41:32.828] [sharedprocess] [info] Scanned user extensions: 1
[2019-06-01 13:41:32.872] [sharedprocess] [info] Scanned user extensions: 1
[2019-06-01 13:41:32.872] [sharedprocess] [info] Scanned user extensions: 1
[2019-06-01 13:41:32.894] [sharedprocess] [info] Scanned system extensions: 72
[2019-06-01 13:41:32.964] [sharedprocess] [info] Scanned system extensions: 72
[2019-06-01 13:41:32.971] [sharedprocess] [info] Scanned system extensions: 72
[2019-06-01 13:41:33.068] [sharedprocess] [info] Scanned user extensions: 1
[2019-06-01 13:41:33.150] [sharedprocess] [info] Scanned system extensions: 72
[2019-06-01 13:41:33.199] [sharedprocess] [info] Scanned user extensions: 1
[2019-06-01 13:41:33.249] [sharedprocess] [info] Scanned system extensions: 72
[2019-06-01 13:41:33.347] [sharedprocess] [info] Downloaded extension: jawandarajbir.react-vscode-extension-pack /tmp/10a46a77-a84c-42bb-b377-73ef84ba3257
[2019-06-01 13:41:33.425] [sharedprocess] [info] Extracted extension to /root/.vscode/extensions/.jawandarajbir.react-vscode-extension-pack-0.4.0: jawandarajbir.react-vscode-extension-pack
[2019-06-01 13:41:33.427] [sharedprocess] [info] Renamed to /root/.vscode/extensions/jawandarajbir.react-vscode-extension-pack-0.4.0
[2019-06-01 13:41:33.428] [sharedprocess] [info] Installation completed. jawandarajbir.react-vscode-extension-pack
[2019-06-01 13:41:33.481] [sharedprocess] [info] Scanned user extensions: 2
[2019-06-01 13:41:33.521] [sharedprocess] [info] Scanned system extensions: 72
[2019-06-01 13:41:34.328] [sharedprocess] [info] Installing extension: dbaeumer.vscode-eslint
[2019-06-01 13:41:34.328] [sharedprocess] [info] Installing extension: xabikos.javascriptsnippets
[2019-06-01 13:41:34.328] [sharedprocess] [info] Installing extension: christian-kohler.path-intellisense
[2019-06-01 13:41:34.329] [sharedprocess] [info] Installing extension: eg2.vscode-npm-script
[2019-06-01 13:41:34.329] [sharedprocess] [info] Installing extension: christian-kohler.npm-intellisense
[2019-06-01 13:41:34.329] [sharedprocess] [info] Installing extension: xabikos.reactsnippets
[2019-06-01 13:41:34.329] [sharedprocess] [info] Installing extension: jasonnutter.search-node-modules
[2019-06-01 13:41:34.339] [sharedprocess] [info] Scanned user extensions: 2
[2019-06-01 13:41:34.341] [sharedprocess] [info] Scanned user extensions: 2
[2019-06-01 13:41:34.342] [sharedprocess] [info] Scanned user extensions: 2
[2019-06-01 13:41:34.345] [sharedprocess] [info] Scanned user extensions: 2
[2019-06-01 13:41:34.350] [sharedprocess] [info] Scanned user extensions: 2
[2019-06-01 13:41:34.352] [sharedprocess] [info] Scanned user extensions: 2
[2019-06-01 13:41:34.355] [sharedprocess] [info] Scanned user extensions: 2
[2019-06-01 13:41:35.005] [sharedprocess] [info] Downloaded extension: dbaeumer.vscode-eslint /tmp/0bb31bb5-7f91-4806-ae6a-60e52b8f95ab
[2019-06-01 13:41:35.042] [sharedprocess] [info] Extracted extension to /root/.vscode/extensions/.dbaeumer.vscode-eslint-1.9.0: dbaeumer.vscode-eslint
[2019-06-01 13:41:35.043] [sharedprocess] [info] Renamed to /root/.vscode/extensions/dbaeumer.vscode-eslint-1.9.0
[2019-06-01 13:41:35.044] [sharedprocess] [info] Installation completed. dbaeumer.vscode-eslint
[2019-06-01 13:41:35.080] [sharedprocess] [info] Downloaded extension: eg2.vscode-npm-script /tmp/30156968-2115-4272-bbfa-720527e8499e
[2019-06-01 13:41:35.099] [sharedprocess] [info] Extensions installed successfully: dbaeumer.vscode-eslint
[2019-06-01 13:41:35.252] [sharedprocess] [info] Extracted extension to /root/.vscode/extensions/.eg2.vscode-npm-script-0.3.7: eg2.vscode-npm-script
[2019-06-01 13:41:35.252] [sharedprocess] [info] Renamed to /root/.vscode/extensions/eg2.vscode-npm-script-0.3.7
[2019-06-01 13:41:35.254] [sharedprocess] [info] Installation completed. eg2.vscode-npm-script
[2019-06-01 13:41:35.312] [sharedprocess] [info] Extensions installed successfully: eg2.vscode-npm-script
[2019-06-01 13:41:36.211] [sharedprocess] [info] Downloaded extension: xabikos.javascriptsnippets /tmp/5c5ec14f-0b68-43b3-ba3d-708ac322ad85
[2019-06-01 13:41:36.225] [sharedprocess] [info] Downloaded extension: jasonnutter.search-node-modules /tmp/271872ad-c763-4336-b536-8e0d4916758d
[2019-06-01 13:41:36.227] [sharedprocess] [info] Extracted extension to /root/.vscode/extensions/.xabikos.javascriptsnippets-1.7.2: xabikos.javascriptsnippets
[2019-06-01 13:41:36.227] [sharedprocess] [info] Renamed to /root/.vscode/extensions/xabikos.javascriptsnippets-1.7.2
[2019-06-01 13:41:36.228] [sharedprocess] [info] Installation completed. xabikos.javascriptsnippets
[2019-06-01 13:41:36.260] [sharedprocess] [info] Extracted extension to /root/.vscode/extensions/.jasonnutter.search-node-modules-1.3.0: jasonnutter.search-node-modules
[2019-06-01 13:41:36.261] [sharedprocess] [info] Renamed to /root/.vscode/extensions/jasonnutter.search-node-modules-1.3.0
[2019-06-01 13:41:36.262] [sharedprocess] [info] Installation completed. jasonnutter.search-node-modules
[2019-06-01 13:41:36.292] [sharedprocess] [info] Extensions installed successfully: xabikos.javascriptsnippets
[2019-06-01 13:41:36.337] [sharedprocess] [info] Extensions installed successfully: jasonnutter.search-node-modules
[2019-06-01 13:41:36.906] [sharedprocess] [info] Downloaded extension: christian-kohler.path-intellisense /tmp/aedf2c99-584b-459b-b7f1-f3c72930f442
[2019-06-01 13:41:37.039] [sharedprocess] [info] Extracted extension to /root/.vscode/extensions/.christian-kohler.path-intellisense-1.4.2: christian-kohler.path-intellisense
[2019-06-01 13:41:37.039] [sharedprocess] [info] Renamed to /root/.vscode/extensions/christian-kohler.path-intellisense-1.4.2
[2019-06-01 13:41:37.043] [sharedprocess] [info] Installation completed. christian-kohler.path-intellisense
[2019-06-01 13:41:37.128] [sharedprocess] [info] Extensions installed successfully: christian-kohler.path-intellisense
[2019-06-01 13:41:37.208] [sharedprocess] [info] Downloaded extension: xabikos.reactsnippets /tmp/93c5b877-da93-4c61-abfe-7448b355a69b
[2019-06-01 13:41:37.331] [sharedprocess] [info] Extracted extension to /root/.vscode/extensions/.xabikos.reactsnippets-2.3.0: xabikos.reactsnippets
[2019-06-01 13:41:37.331] [sharedprocess] [info] Renamed to /root/.vscode/extensions/xabikos.reactsnippets-2.3.0
[2019-06-01 13:41:37.333] [sharedprocess] [info] Installation completed. xabikos.reactsnippets
[2019-06-01 13:41:37.344] [sharedprocess] [info] Downloaded extension: christian-kohler.npm-intellisense /tmp/a666f7d4-c06a-4d76-bbd9-ddf1e77b0d4b
[2019-06-01 13:41:37.612] [sharedprocess] [info] Extensions installed successfully: xabikos.reactsnippets
[2019-06-01 13:41:37.683] [sharedprocess] [info] Extracted extension to /root/.vscode/extensions/.christian-kohler.npm-intellisense-1.3.0: christian-kohler.npm-intellisense
[2019-06-01 13:41:37.683] [sharedprocess] [info] Renamed to /root/.vscode/extensions/christian-kohler.npm-intellisense-1.3.0
[2019-06-01 13:41:37.684] [sharedprocess] [info] Installation completed. christian-kohler.npm-intellisense
[2019-06-01 13:41:37.772] [sharedprocess] [info] Extensions installed successfully: christian-kohler.npm-intellisense
[2019-06-01 13:41:37.774] [sharedprocess] [info] Extensions installed successfully: jawandarajbir.react-vscode-extension-pack
[2019-06-01 13:42:17.962] [sharedprocess] [info] Scanned user extensions: 9
[2019-06-01 13:47:18.800] [sharedprocess] [info] Scanned user extensions: 9
[2019-06-01 13:52:19.047] [sharedprocess] [info] Scanned user extensions: 9
[2019-06-01 13:57:19.963] [sharedprocess] [info] Scanned user extensions: 9
[2019-06-01 14:02:20.032] [sharedprocess] [info] Scanned user extensions: 9
[2019-06-01 14:07:20.097] [sharedprocess] [info] Scanned user extensions: 9
[2019-06-01 14:12:20.891] [sharedprocess] [info] Scanned user extensions: 9
[2019-06-01 14:17:20.907] [sharedprocess] [info] Scanned user extensions: 9
[2019-06-01 14:22:20.930] [sharedprocess] [info] Scanned user extensions: 9
[2019-06-01 14:27:20.940] [sharedprocess] [info] Scanned user extensions: 9
[2019-06-01 14:32:21.982] [sharedprocess] [info] Scanned user extensions: 9
[2019-06-01 14:37:22.549] [sharedprocess] [info] Scanned user extensions: 9
[2019-06-01 14:42:25.031] [sharedprocess] [info] Scanned user extensions: 9
[2019-06-01 14:47:26.515] [sharedprocess] [info] Scanned user extensions: 9
[2019-06-01 14:52:26.584] [sharedprocess] [info] Scanned user extensions: 9
[2019-06-01 14:57:26.746] [sharedprocess] [info] Scanned user extensions: 9
[2019-06-01 15:02:26.866] [sharedprocess] [info] Scanned user extensions: 9
[2019-06-01 15:07:26.993] [sharedprocess] [info] Scanned user extensions: 9
[2019-06-01 15:12:27.184] [sharedprocess] [info] Scanned user extensions: 9
[2019-06-01 15:17:27.317] [sharedprocess] [info] Scanned user extensions: 9
[2019-06-01 15:22:27.392] [sharedprocess] [info] Scanned user extensions: 9
[2019-06-01 15:27:27.475] [sharedprocess] [info] Scanned user extensions: 9
[2019-06-01 15:32:27.550] [sharedprocess] [info] Scanned user extensions: 9
